------------------------------------------------------------------------------------------------------------------------

[2023-12-27 17:22:41 #1 store] 
Database 'C:\Users\Fernando\Documents\PereiraFernando_Transform-db\objectdb-2.8.9\db\points9.odb' is opened by 27612@DESKTOP-JSPJ4Q1

[2023-12-27 17:22:41 #2 store] 
Configuration path: C:\Users\Fernando\Documents\PereiraFernando_Transform-db\objectdb-2.8.9\objectdb.conf

[2023-12-27 17:22:54 #3 store] 
Database 'C:\Users\Fernando\Documents\PereiraFernando_Transform-db\objectdb-2.8.9\db\points9.odb' is closed by 27612@DESKTOP-JSPJ4Q1

[2023-12-27 17:22:54 #4 store] 
Database 'C:\Users\Fernando\Documents\PereiraFernando_Transform-db\objectdb-2.8.9\db\points9.odb' is opened by 27612@DESKTOP-JSPJ4Q1

[2023-12-27 17:22:54 #5 store] 
Configuration path: C:\Users\Fernando\Documents\PereiraFernando_Transform-db\objectdb-2.8.9\objectdb.conf

------------------------------------------------------------------------------------------------------------------------

[2023-12-27 19:12:25 #1 store] 
Database 'C:\Users\Fernando\Documents\PereiraFernando_Transform-db\objectdb-2.8.9\db\points33.odb' is opened by 3296@DESKTOP-JSPJ4Q1

[2023-12-27 19:12:25 #2 store] 
Configuration path: C:\Users\Fernando\Documents\PereiraFernando_Transform-db\objectdb-2.8.9\objectdb.conf

[2023-12-27 19:12:50 #3 store] 
Database 'C:\Users\Fernando\Documents\PereiraFernando_Transform-db\objectdb-2.8.9\db\points33.odb' is closed by 3296@DESKTOP-JSPJ4Q1

[2023-12-27 19:12:50 #4 store] 
Database 'C:\Users\Fernando\Documents\PereiraFernando_Transform-db\objectdb-2.8.9\db\points33.odb' is opened by 3296@DESKTOP-JSPJ4Q1

[2023-12-27 19:12:50 #5 store] 
Configuration path: C:\Users\Fernando\Documents\PereiraFernando_Transform-db\objectdb-2.8.9\objectdb.conf

[2023-12-27 19:20:49 #6 store] 
Database 'C:\Users\Fernando\Documents\PereiraFernando_Transform-db\objectdb-2.8.9\db\points33.odb' is closed by 3296@DESKTOP-JSPJ4Q1

[2023-12-27 19:20:49 #7 store] 
Database 'C:\Users\Fernando\Documents\PereiraFernando_Transform-db\objectdb-2.8.9\db\points35.odb' is opened by 3296@DESKTOP-JSPJ4Q1

[2023-12-27 19:20:49 #8 store] 
Configuration path: C:\Users\Fernando\Documents\PereiraFernando_Transform-db\objectdb-2.8.9\objectdb.conf

[2023-12-27 19:21:16 #9 store] 
Database 'C:\Users\Fernando\Documents\PereiraFernando_Transform-db\objectdb-2.8.9\db\points35.odb' is closed by 3296@DESKTOP-JSPJ4Q1

[2023-12-27 19:27:42 #6 store] 
Database 'C:\Users\Fernando\Documents\PereiraFernando_Transform-db\objectdb-2.8.9\db\points9.odb' is closed by 27612@DESKTOP-JSPJ4Q1

[2023-12-27 19:27:42 #7 store] 
Database 'C:\Users\Fernando\Documents\PereiraFernando_Transform-db\objectdb-2.8.9\db\points35.odb' is opened by 27612@DESKTOP-JSPJ4Q1

[2023-12-27 19:27:42 #8 store] 
Configuration path: C:\Users\Fernando\Documents\PereiraFernando_Transform-db\objectdb-2.8.9\objectdb.conf

[2023-12-27 23:25:00 #9 store] 
Database 'C:\Users\Fernando\Documents\PereiraFernando_Transform-db\objectdb-2.8.9\db\points35.odb' is closed by 27612@DESKTOP-JSPJ4Q1

