------------------------------------------------------------------------------------------------------------------------

[2023-12-28 12:46:49 #1 store] 
Database 'C:\Users\Fernando\Documents\PereiraFernando_Transform-db\objectdb-2.8.9\db\points36.odb' is opened by 23204@DESKTOP-JSPJ4Q1

[2023-12-28 12:46:49 #2 store] 
Configuration path: C:\Users\Fernando\Documents\PereiraFernando_Transform-db\objectdb-2.8.9\objectdb.conf

[2023-12-28 12:46:54 #3 store] 
Database 'C:\Users\Fernando\Documents\PereiraFernando_Transform-db\objectdb-2.8.9\db\points36.odb' is closed by 23204@DESKTOP-JSPJ4Q1

------------------------------------------------------------------------------------------------------------------------

[2023-12-28 13:40:32 #1 store] 
Database 'C:\Users\Fernando\Documents\PereiraFernando_Transform-db\objectdb-2.8.9\db\points40.odb' is opened by 13068@DESKTOP-JSPJ4Q1

[2023-12-28 13:40:32 #2 store] 
Configuration path: C:\Users\Fernando\Documents\PereiraFernando_Transform-db\objectdb-2.8.9\objectdb.conf

[2023-12-28 13:40:54 #3 store] 
Database 'C:\Users\Fernando\Documents\PereiraFernando_Transform-db\objectdb-2.8.9\db\points40.odb' is closed by 13068@DESKTOP-JSPJ4Q1

------------------------------------------------------------------------------------------------------------------------

[2023-12-28 13:57:47 #1 store] 
Database 'C:\Users\Fernando\Documents\PereiraFernando_Transform-db\objectdb-2.8.9\db\points40.odb' is opened by 23928@DESKTOP-JSPJ4Q1

[2023-12-28 13:57:47 #2 store] 
Configuration path: C:\Users\Fernando\Documents\PereiraFernando_Transform-db\objectdb-2.8.9\objectdb.conf

[2023-12-28 13:57:54 #3 store] 
Database 'C:\Users\Fernando\Documents\PereiraFernando_Transform-db\objectdb-2.8.9\db\points40.odb' is closed by 23928@DESKTOP-JSPJ4Q1

